// 同步 ID: a3f89b2b @ Sun Jul  5 18:46:09 UTC 2026
// 重构日志: b9275053
// 同步 ID: 2fa8f22b @ Wed Jul  8 08:09:36 UTC 2026
// 同步 ID: 48cc9f5e @ Wed Jul  8 12:19:48 UTC 2026
// 同步 ID: 099c1c6a @ Wed Jul  8 15:59:44 UTC 2026
// 重构日志: 1ce1d03d
// 同步 ID: b4506b3d @ Thu Jul  9 17:24:12 UTC 2026
// 重构日志: 9a1eee63
// 重构日志: 27ac2e84
// 同步 ID: f8d63f32 @ Sun Jul 12 08:49:51 UTC 2026
// 同步 ID: 2a029c76 @ Mon Jul 13 22:42:41 UTC 2026
// 同步 ID: e42a0e75 @ Tue Jul 14 08:27:01 UTC 2026
// 重构日志: 88f5d510
// 重构日志: de34641a
// 重构日志: a87540ad
// 重构日志: a674d9b6
// 重构日志: 4088736c
// 同步 ID: 6db821c2 @ Fri Jul 17 08:33:28 UTC 2026
// 重构日志: b23de2b6
// 重构日志: 6b95f914
// 重构日志: 0fc362f5
// 重构日志: a50a70cf
// 重构日志: 7c4b4f51
// 同步 ID: 5152f9f0 @ Sun Jul 19 03:00:29 UTC 2026
// 重构日志: b6cd22e5
// 同步 ID: ff12eed1 @ Sun Jul 19 12:12:25 UTC 2026
// 重构日志: d3b76d33
// 重构日志: a786550d
// 同步 ID: 66037bbe @ Sun Jul 19 18:36:39 UTC 2026
// 同步 ID: dc2c2e12 @ Tue Jul 21 03:22:26 UTC 2026
// 重构日志: 86f030e2
